<?xml version="1.0" encoding="UTF-8"?>
<!-- Generated by org.testng.reporters.JUnitXMLReporter -->
<testsuite ignored="0" hostname="EMEA-TUN-LP0975" failures="4" tests="10" name="Surefire test" time="0.757" errors="0" timestamp="2024-04-23T17:44:44 WAT">
  <testcase classname="io.cucumber.testng.AbstractTestNGCucumberTests" name="runScenario" time="0.242"/>
  <testcase classname="io.cucumber.testng.AbstractTestNGCucumberTests" name="runScenario" time="0.02">
    <failure type="io.cucumber.java.PendingException" message="TODO: implement me">
      <![CDATA[io.cucumber.java.PendingException: TODO: implement me
at io.cucumber.shouty.CustomParameter_StepDefinition.lucy_has_bucks(CustomParameter_StepDefinition.java:11)
at ✽.Lucy has 20 bucks(file:///C:/Users/e1079458/work/learn_allure/allure-cucumber5-testng-maven/src/test/resources/io.cucumber.shouty/hear_shout.feature:17)
]]>
    </failure>
  </testcase> <!-- runScenario -->
  <testcase classname="io.cucumber.testng.AbstractTestNGCucumberTests" name="runScenario" time="0.011"/>
  <testcase classname="io.cucumber.testng.AbstractTestNGCucumberTests" name="runScenario" time="0.037"/>
  <testcase classname="io.cucumber.testng.AbstractTestNGCucumberTests" name="runScenario" time="0.017"/>
  <testcase classname="io.cucumber.testng.AbstractTestNGCucumberTests" name="runScenario" time="0.024">
    <failure type="java.lang.RuntimeException" message="Element not found for xpath [//div[@class=&amp;apos;something&amp;apos;]]">
      <![CDATA[java.lang.RuntimeException: Element not found for xpath [//div[@class='something']]
at io.qameta.allure.examples.cucumber5.WebSteps.maybeThrowElementNotFoundException(WebSteps.java:92)
at io.qameta.allure.examples.cucumber5.WebSteps.createLabelWithTitle(WebSteps.java:32)
at ✽.I create label with title "hello"(file:///C:/Users/e1079458/work/learn_allure/allure-cucumber5-testng-maven/src/test/resources/features/labels-web.feature:14)
]]>
    </failure>
  </testcase> <!-- runScenario -->
  <testcase classname="io.cucumber.testng.AbstractTestNGCucumberTests" name="runScenario" time="0.017">
    <failure type="java.lang.RuntimeException" message="Element not found for xpath [//div[@class=&amp;apos;something&amp;apos;]]">
      <![CDATA[java.lang.RuntimeException: Element not found for xpath [//div[@class='something']]
at io.qameta.allure.examples.cucumber5.WebSteps.maybeThrowElementNotFoundException(WebSteps.java:92)
at io.qameta.allure.examples.cucumber5.WebSteps.filterIssueByLabel(WebSteps.java:87)
at ✽.I filter issue by label title "hello"(file:///C:/Users/e1079458/work/learn_allure/allure-cucumber5-testng-maven/src/test/resources/features/labels-web.feature:22)
]]>
    </failure>
  </testcase> <!-- runScenario -->
  <testcase classname="io.cucumber.testng.AbstractTestNGCucumberTests" name="runScenario" time="0.017">
    <failure type="java.lang.RuntimeException" message="Element not found for xpath [//div[@class=&amp;apos;something&amp;apos;]]">
      <![CDATA[java.lang.RuntimeException: Element not found for xpath [//div[@class='something']]
at io.qameta.allure.examples.cucumber5.WebSteps.maybeThrowElementNotFoundException(WebSteps.java:92)
at io.qameta.allure.examples.cucumber5.WebSteps.createLabelWithTitle(WebSteps.java:32)
at ✽.I create label with title "hello"(file:///C:/Users/e1079458/work/learn_allure/allure-cucumber5-testng-maven/src/test/resources/features/labels-web.feature:29)
]]>
    </failure>
  </testcase> <!-- runScenario -->
  <testcase classname="io.cucumber.testng.AbstractTestNGCucumberTests" name="runScenario" time="0.017"/>
  <testcase classname="io.cucumber.testng.AbstractTestNGCucumberTests" name="runScenario" time="0.016"/>
</testsuite> <!-- Surefire test -->
