<?xml version="1.0" encoding="UTF-8"?>
<testng-results ignored="0" total="10" passed="6" failed="4" skipped="0">
  <reporter-output>
  </reporter-output>
  <suite started-at="2024-04-23T17:44:43 WAT" name="Surefire suite" finished-at="2024-04-23T17:44:44 WAT" duration-ms="757">
    <groups>
      <group name="cucumber">
        <method signature="AbstractTestNGCucumberTests.runScenario(io.cucumber.testng.PickleWrapper, io.cucumber.testng.FeatureWrapper)[pri:0, instance:io.cucumber.shouty.CucumberTest@2bbf180e]" name="runScenario" class="io.cucumber.testng.AbstractTestNGCucumberTests"/>
        <method signature="AbstractTestNGCucumberTests.runScenario(io.cucumber.testng.PickleWrapper, io.cucumber.testng.FeatureWrapper)[pri:0, instance:io.qameta.allure.examples.cucumber5.CucumberTest@163e4e87]" name="runScenario" class="io.cucumber.testng.AbstractTestNGCucumberTests"/>
      </group> <!-- cucumber -->
    </groups>
    <test started-at="2024-04-23T17:44:43 WAT" name="Surefire test" finished-at="2024-04-23T17:44:44 WAT" duration-ms="757">
      <class name="io.cucumber.shouty.CucumberTest">
        <test-method is-config="true" signature="setUpClass()[pri:0, instance:io.cucumber.shouty.CucumberTest@2bbf180e]" started-at="2024-04-23T17:44:43 WAT" name="setUpClass" finished-at="2024-04-23T17:44:44 WAT" duration-ms="274" status="PASS">
          <reporter-output>
          </reporter-output>
        </test-method> <!-- setUpClass -->
        <test-method signature="runScenario(io.cucumber.testng.PickleWrapper, io.cucumber.testng.FeatureWrapper)[pri:0, instance:io.cucumber.shouty.CucumberTest@2bbf180e]" started-at="2024-04-23T17:44:44 WAT" name="runScenario" description="Runs Cucumber Scenarios" data-provider="scenarios" finished-at="2024-04-23T17:44:44 WAT" duration-ms="242" status="PASS">
          <params>
            <param index="0">
              <value>
                <![CDATA["Listener is within range"]]>
              </value>
            </param>
            <param index="1">
              <value>
                <![CDATA["Hear shout"]]>
              </value>
            </param>
          </params>
          <reporter-output>
          </reporter-output>
        </test-method> <!-- runScenario -->
        <test-method signature="runScenario(io.cucumber.testng.PickleWrapper, io.cucumber.testng.FeatureWrapper)[pri:0, instance:io.cucumber.shouty.CucumberTest@2bbf180e]" started-at="2024-04-23T17:44:44 WAT" name="runScenario" description="Runs Cucumber Scenarios" data-provider="scenarios" finished-at="2024-04-23T17:44:44 WAT" duration-ms="20" status="FAIL">
          <params>
            <param index="0">
              <value>
                <![CDATA["Using custom parameter in step definition, e.g. person"]]>
              </value>
            </param>
            <param index="1">
              <value>
                <![CDATA["Hear shout"]]>
              </value>
            </param>
          </params>
          <exception class="io.cucumber.java.PendingException">
            <message>
              <![CDATA[TODO: implement me]]>
            </message>
            <full-stacktrace>
              <![CDATA[io.cucumber.java.PendingException: TODO: implement me
at io.cucumber.shouty.CustomParameter_StepDefinition.lucy_has_bucks(CustomParameter_StepDefinition.java:11)
at ✽.Lucy has 20 bucks(file:///C:/Users/e1079458/work/learn_allure/allure-cucumber5-testng-maven/src/test/resources/io.cucumber.shouty/hear_shout.feature:17)
]]>
            </full-stacktrace>
          </exception> <!-- io.cucumber.java.PendingException -->
          <reporter-output>
          </reporter-output>
        </test-method> <!-- runScenario -->
        <test-method signature="runScenario(io.cucumber.testng.PickleWrapper, io.cucumber.testng.FeatureWrapper)[pri:0, instance:io.cucumber.shouty.CucumberTest@2bbf180e]" started-at="2024-04-23T17:44:44 WAT" name="runScenario" description="Runs Cucumber Scenarios" data-provider="scenarios" finished-at="2024-04-23T17:44:44 WAT" duration-ms="11" status="PASS">
          <params>
            <param index="0">
              <value>
                <![CDATA["Empty scenario, to remind us that there is still work to be done"]]>
              </value>
            </param>
            <param index="1">
              <value>
                <![CDATA["Hear shout"]]>
              </value>
            </param>
          </params>
          <reporter-output>
          </reporter-output>
        </test-method> <!-- runScenario -->
        <test-method is-config="true" signature="tearDownClass()[pri:0, instance:io.cucumber.shouty.CucumberTest@2bbf180e]" started-at="2024-04-23T17:44:44 WAT" name="tearDownClass" finished-at="2024-04-23T17:44:44 WAT" duration-ms="3" status="PASS">
          <reporter-output>
          </reporter-output>
        </test-method> <!-- tearDownClass -->
      </class> <!-- io.cucumber.shouty.CucumberTest -->
      <class name="io.qameta.allure.examples.cucumber5.CucumberTest">
        <test-method is-config="true" signature="setUpClass()[pri:0, instance:io.qameta.allure.examples.cucumber5.CucumberTest@163e4e87]" started-at="2024-04-23T17:44:44 WAT" name="setUpClass" finished-at="2024-04-23T17:44:44 WAT" duration-ms="30" status="PASS">
          <reporter-output>
          </reporter-output>
        </test-method> <!-- setUpClass -->
        <test-method signature="runScenario(io.cucumber.testng.PickleWrapper, io.cucumber.testng.FeatureWrapper)[pri:0, instance:io.qameta.allure.examples.cucumber5.CucumberTest@163e4e87]" started-at="2024-04-23T17:44:44 WAT" name="runScenario" description="Runs Cucumber Scenarios" data-provider="scenarios" finished-at="2024-04-23T17:44:44 WAT" duration-ms="37" status="PASS">
          <params>
            <param index="0">
              <value>
                <![CDATA["Create new label via api"]]>
              </value>
            </param>
            <param index="1">
              <value>
                <![CDATA["Labels"]]>
              </value>
            </param>
          </params>
          <reporter-output>
          </reporter-output>
        </test-method> <!-- runScenario -->
        <test-method signature="runScenario(io.cucumber.testng.PickleWrapper, io.cucumber.testng.FeatureWrapper)[pri:0, instance:io.qameta.allure.examples.cucumber5.CucumberTest@163e4e87]" started-at="2024-04-23T17:44:44 WAT" name="runScenario" description="Runs Cucumber Scenarios" data-provider="scenarios" finished-at="2024-04-23T17:44:44 WAT" duration-ms="17" status="PASS">
          <params>
            <param index="0">
              <value>
                <![CDATA["Delete existing label via api"]]>
              </value>
            </param>
            <param index="1">
              <value>
                <![CDATA["Labels"]]>
              </value>
            </param>
          </params>
          <reporter-output>
          </reporter-output>
        </test-method> <!-- runScenario -->
        <test-method signature="runScenario(io.cucumber.testng.PickleWrapper, io.cucumber.testng.FeatureWrapper)[pri:0, instance:io.qameta.allure.examples.cucumber5.CucumberTest@163e4e87]" started-at="2024-04-23T17:44:44 WAT" name="runScenario" description="Runs Cucumber Scenarios" data-provider="scenarios" finished-at="2024-04-23T17:44:44 WAT" duration-ms="24" status="FAIL">
          <params>
            <param index="0">
              <value>
                <![CDATA["Create new label for authorized user"]]>
              </value>
            </param>
            <param index="1">
              <value>
                <![CDATA["Labels"]]>
              </value>
            </param>
          </params>
          <exception class="java.lang.RuntimeException">
            <message>
              <![CDATA[Element not found for xpath [//div[@class='something']]]]>
            </message>
            <full-stacktrace>
              <![CDATA[java.lang.RuntimeException: Element not found for xpath [//div[@class='something']]
at io.qameta.allure.examples.cucumber5.WebSteps.maybeThrowElementNotFoundException(WebSteps.java:92)
at io.qameta.allure.examples.cucumber5.WebSteps.createLabelWithTitle(WebSteps.java:32)
at ✽.I create label with title "hello"(file:///C:/Users/e1079458/work/learn_allure/allure-cucumber5-testng-maven/src/test/resources/features/labels-web.feature:14)
]]>
            </full-stacktrace>
          </exception> <!-- java.lang.RuntimeException -->
          <reporter-output>
          </reporter-output>
        </test-method> <!-- runScenario -->
        <test-method signature="runScenario(io.cucumber.testng.PickleWrapper, io.cucumber.testng.FeatureWrapper)[pri:0, instance:io.qameta.allure.examples.cucumber5.CucumberTest@163e4e87]" started-at="2024-04-23T17:44:44 WAT" name="runScenario" description="Runs Cucumber Scenarios" data-provider="scenarios" finished-at="2024-04-23T17:44:44 WAT" duration-ms="17" status="FAIL">
          <params>
            <param index="0">
              <value>
                <![CDATA["Add label to existing issue for authorized user"]]>
              </value>
            </param>
            <param index="1">
              <value>
                <![CDATA["Labels"]]>
              </value>
            </param>
          </params>
          <exception class="java.lang.RuntimeException">
            <message>
              <![CDATA[Element not found for xpath [//div[@class='something']]]]>
            </message>
            <full-stacktrace>
              <![CDATA[java.lang.RuntimeException: Element not found for xpath [//div[@class='something']]
at io.qameta.allure.examples.cucumber5.WebSteps.maybeThrowElementNotFoundException(WebSteps.java:92)
at io.qameta.allure.examples.cucumber5.WebSteps.filterIssueByLabel(WebSteps.java:87)
at ✽.I filter issue by label title "hello"(file:///C:/Users/e1079458/work/learn_allure/allure-cucumber5-testng-maven/src/test/resources/features/labels-web.feature:22)
]]>
            </full-stacktrace>
          </exception> <!-- java.lang.RuntimeException -->
          <reporter-output>
          </reporter-output>
        </test-method> <!-- runScenario -->
        <test-method signature="runScenario(io.cucumber.testng.PickleWrapper, io.cucumber.testng.FeatureWrapper)[pri:0, instance:io.qameta.allure.examples.cucumber5.CucumberTest@163e4e87]" started-at="2024-04-23T17:44:44 WAT" name="runScenario" description="Runs Cucumber Scenarios" data-provider="scenarios" finished-at="2024-04-23T17:44:44 WAT" duration-ms="17" status="FAIL">
          <params>
            <param index="0">
              <value>
                <![CDATA["Delete existing label for authorized user"]]>
              </value>
            </param>
            <param index="1">
              <value>
                <![CDATA["Labels"]]>
              </value>
            </param>
          </params>
          <exception class="java.lang.RuntimeException">
            <message>
              <![CDATA[Element not found for xpath [//div[@class='something']]]]>
            </message>
            <full-stacktrace>
              <![CDATA[java.lang.RuntimeException: Element not found for xpath [//div[@class='something']]
at io.qameta.allure.examples.cucumber5.WebSteps.maybeThrowElementNotFoundException(WebSteps.java:92)
at io.qameta.allure.examples.cucumber5.WebSteps.createLabelWithTitle(WebSteps.java:32)
at ✽.I create label with title "hello"(file:///C:/Users/e1079458/work/learn_allure/allure-cucumber5-testng-maven/src/test/resources/features/labels-web.feature:29)
]]>
            </full-stacktrace>
          </exception> <!-- java.lang.RuntimeException -->
          <reporter-output>
          </reporter-output>
        </test-method> <!-- runScenario -->
        <test-method signature="runScenario(io.cucumber.testng.PickleWrapper, io.cucumber.testng.FeatureWrapper)[pri:0, instance:io.qameta.allure.examples.cucumber5.CucumberTest@163e4e87]" started-at="2024-04-23T17:44:44 WAT" name="runScenario" description="Runs Cucumber Scenarios" data-provider="scenarios" finished-at="2024-04-23T17:44:44 WAT" duration-ms="17" status="PASS">
          <params>
            <param index="0">
              <value>
                <![CDATA["Create new milestone for authorized user"]]>
              </value>
            </param>
            <param index="1">
              <value>
                <![CDATA["Milestones"]]>
              </value>
            </param>
          </params>
          <reporter-output>
          </reporter-output>
        </test-method> <!-- runScenario -->
        <test-method signature="runScenario(io.cucumber.testng.PickleWrapper, io.cucumber.testng.FeatureWrapper)[pri:0, instance:io.qameta.allure.examples.cucumber5.CucumberTest@163e4e87]" started-at="2024-04-23T17:44:44 WAT" name="runScenario" description="Runs Cucumber Scenarios" data-provider="scenarios" finished-at="2024-04-23T17:44:44 WAT" duration-ms="16" status="PASS">
          <params>
            <param index="0">
              <value>
                <![CDATA["Close existing milestone for authorized user"]]>
              </value>
            </param>
            <param index="1">
              <value>
                <![CDATA["Milestones"]]>
              </value>
            </param>
          </params>
          <reporter-output>
          </reporter-output>
        </test-method> <!-- runScenario -->
        <test-method is-config="true" signature="tearDownClass()[pri:0, instance:io.qameta.allure.examples.cucumber5.CucumberTest@163e4e87]" started-at="2024-04-23T17:44:44 WAT" name="tearDownClass" finished-at="2024-04-23T17:44:44 WAT" duration-ms="1" status="PASS">
          <reporter-output>
          </reporter-output>
        </test-method> <!-- tearDownClass -->
      </class> <!-- io.qameta.allure.examples.cucumber5.CucumberTest -->
    </test> <!-- Surefire test -->
  </suite> <!-- Surefire suite -->
</testng-results>
