<?xml version="1.0" encoding="UTF-8"?>
<!-- Generated by org.testng.reporters.JUnitReportReporter -->
<testsuite hostname="EMEA-TUN-LP0975" failures="0" tests="3" name="io.cucumber.shouty.CucumberTest" time="0.273" errors="1" timestamp="2024-04-23T17:44:44 WAT" skipped="0">
  <testcase classname="io.cucumber.shouty.CucumberTest" name="runScenario" time="0.011"/>
  <system-out/>
  <testcase classname="io.cucumber.shouty.CucumberTest" name="runScenario" time="0.020">
    <error message="TODO: implement me" type="io.cucumber.java.PendingException">
      <![CDATA[io.cucumber.java.PendingException: TODO: implement me
at io.cucumber.shouty.CustomParameter_StepDefinition.lucy_has_bucks(CustomParameter_StepDefinition.java:11)
at âœ½.Lucy has 20 bucks(file:///C:/Users/e1079458/work/learn_allure/allure-cucumber5-testng-maven/src/test/resources/io.cucumber.shouty/hear_shout.feature:17)
]]>
    </error>
  </testcase> <!-- runScenario -->
  <system-out/>
  <testcase classname="io.cucumber.shouty.CucumberTest" name="runScenario" time="0.242"/>
  <system-out/>
</testsuite> <!-- io.cucumber.shouty.CucumberTest -->
